<?xml version="1.0" encoding="UTF-8"?>
<testsuite xmlns:xsi="http://www.w3.org/2001/XMLSchema-instance" xsi:noNamespaceSchemaLocation="https://maven.apache.org/surefire/maven-surefire-plugin/xsd/surefire-test-report-3.0.xsd" version="3.0" name="uiTest.LoginTest" time="77.007" tests="9" errors="1" skipped="0" failures="2">
  <properties>
[...]
</properties>
  <testcase name="testLogin" classname="uiTest.LoginTest" time="14.297"/>
  <testcase name="testCreatePlayList" classname="uiTest.LoginTest" time="1.556">
    <failure message="expected: &lt;Мой плейлист № 3&gt; but was: &lt;Мой плейлист № 12&gt;" type="org.opentest4j.AssertionFailedError"><![CDATA[org.opentest4j.AssertionFailedError: expected: <Мой плейлист № 3> but was: <Мой плейлист № 12>
	at uiTest.LoginTest.testCreatePlayList(LoginTest.java:62)
]]></failure>
  </testcase>
  <testcase name="testAddCompositionToPlayList{String, String}[1]" classname="uiTest.LoginTest" time="8.369"/>
  <testcase name="testAddCompositionToPlayList{String, String}[2]" classname="uiTest.LoginTest" time="6.75"/>
  <testcase name="testAddCompositionToPlayList{String, String}[3]" classname="uiTest.LoginTest" time="6.675"/>
  <testcase name="testDeleteCompositionToPlayList{String, String}[1]" classname="uiTest.LoginTest" time="11.381"/>
  <testcase name="testDeletePlayList{String}[1]" classname="uiTest.LoginTest" time="0.308">
    <error message="Must provide a location for a move action." type="java.lang.IllegalArgumentException">java.lang.IllegalArgumentException: Must provide a location for a move action.
	at uiTest.LoginTest.testDeletePlayList(LoginTest.java:90)
</error>
  </testcase>
  <testcase name="testFollow{String}[1]" classname="uiTest.LoginTest" time="4.59">
    <failure message="expected: &lt;ПОДПИСКА&gt; but was: &lt;ПОДПИСАТЬСЯ&gt;" type="org.opentest4j.AssertionFailedError"><![CDATA[org.opentest4j.AssertionFailedError: expected: <ПОДПИСКА> but was: <ПОДПИСАТЬСЯ>
	at uiTest.LoginTest.testFollow(LoginTest.java:102)
]]></failure>
  </testcase>
  <testcase name="testLogout" classname="uiTest.LoginTest" time="3.8"/>
</testsuite>